<?xml version="1.0" encoding="UTF-8"?>
<testsuite xmlns:xsi="http://www.w3.org/2001/XMLSchema-instance" xsi:noNamespaceSchemaLocation="https://maven.apache.org/surefire/maven-surefire-plugin/xsd/surefire-test-report-3.0.xsd" version="3.0" name="com.mycompany.javarush.testing.DoAnswerTest" time="0.148" tests="1" errors="0" skipped="0" failures="0">
  <properties>
    <property name="java.specification.version" value="17"/>
    <property name="sun.cpu.isalist" value="amd64"/>
    <property name="sun.jnu.encoding" value="Cp1251"/>
    <property name="java.class.path" value="C:\Users\Victor\Documents\NetBeansProjects\testing\target\test-classes;C:\Users\Victor\Documents\NetBeansProjects\testing\target\classes;C:\Users\Victor\.m2\repository\com\fitbur\testify\junit\unit-test\0.1.3\unit-test-0.1.3.jar;C:\Users\Victor\.m2\repository\com\fitbur\testify\junit\junit-core\0.1.3\junit-core-0.1.3.jar;C:\Users\Victor\.m2\repository\com\fitbur\testify\core\0.1.3\core-0.1.3.jar;C:\Users\Victor\.m2\repository\com\fitbur\testify\api\0.1.3\api-0.1.3.jar;C:\Users\Victor\.m2\repository\javax\inject\javax.inject\1\javax.inject-1.jar;C:\Users\Victor\.m2\repository\javax\servlet\javax.servlet-api\3.1.0\javax.servlet-api-3.1.0.jar;C:\Users\Victor\.m2\repository\com\fitbur\external\external-asm\0.5.6\external-asm-0.5.6.jar;C:\Users\Victor\.m2\repository\com\fitbur\external\external-guava\0.5.6\external-guava-0.5.6.jar;C:\Users\Victor\.m2\repository\org\slf4j\slf4j-ext\1.7.12\slf4j-ext-1.7.12.jar;C:\Users\Victor\.m2\repository\ch\qos\cal10n\cal10n-api\0.8.1\cal10n-api-0.8.1.jar;C:\Users\Victor\.m2\repository\org\slf4j\jcl-over-slf4j\1.7.12\jcl-over-slf4j-1.7.12.jar;C:\Users\Victor\.m2\repository\org\slf4j\log4j-over-slf4j\1.7.12\log4j-over-slf4j-1.7.12.jar;C:\Users\Victor\.m2\repository\org\slf4j\jul-to-slf4j\1.7.12\jul-to-slf4j-1.7.12.jar;C:\Users\Victor\.m2\repository\ch\qos\logback\logback-classic\1.1.3\logback-classic-1.1.3.jar;C:\Users\Victor\.m2\repository\ch\qos\logback\logback-core\1.1.3\logback-core-1.1.3.jar;C:\Users\Victor\.m2\repository\org\fusesource\jansi\jansi\1.11\jansi-1.11.jar;C:\Users\Victor\.m2\repository\com\fitbur\testify\level\unit\0.1.3\unit-0.1.3.jar;C:\Users\Victor\.m2\repository\org\junit\jupiter\junit-jupiter-engine\5.10.0\junit-jupiter-engine-5.10.0.jar;C:\Users\Victor\.m2\repository\org\junit\platform\junit-platform-engine\1.10.0\junit-platform-engine-1.10.0.jar;C:\Users\Victor\.m2\repository\org\opentest4j\opentest4j\1.3.0\opentest4j-1.3.0.jar;C:\Users\Victor\.m2\repository\org\junit\platform\junit-platform-commons\1.10.0\junit-platform-commons-1.10.0.jar;C:\Users\Victor\.m2\repository\org\junit\jupiter\junit-jupiter-api\5.10.0\junit-jupiter-api-5.10.0.jar;C:\Users\Victor\.m2\repository\org\apiguardian\apiguardian-api\1.1.2\apiguardian-api-1.1.2.jar;C:\Users\Victor\.m2\repository\org\junit\jupiter\junit-jupiter-params\5.10.0\junit-jupiter-params-5.10.0.jar;C:\Users\Victor\.m2\repository\org\assertj\assertj-core\3.3.0\assertj-core-3.3.0.jar;C:\Users\Victor\.m2\repository\org\mockito\mockito-junit-jupiter\5.12.0\mockito-junit-jupiter-5.12.0.jar;C:\Users\Victor\.m2\repository\org\mockito\mockito-core\3.12.2\mockito-core-3.12.2.jar;C:\Users\Victor\.m2\repository\net\bytebuddy\byte-buddy\1.11.13\byte-buddy-1.11.13.jar;C:\Users\Victor\.m2\repository\net\bytebuddy\byte-buddy-agent\1.11.13\byte-buddy-agent-1.11.13.jar;C:\Users\Victor\.m2\repository\org\objenesis\objenesis\3.2\objenesis-3.2.jar;C:\Users\Victor\.m2\repository\org\slf4j\slf4j-api\2.0.13\slf4j-api-2.0.13.jar;C:\Users\Victor\.m2\repository\org\slf4j\slf4j-simple\2.0.13\slf4j-simple-2.0.13.jar;"/>
    <property name="java.vm.vendor" value="Oracle Corporation"/>
    <property name="sun.arch.data.model" value="64"/>
    <property name="user.variant" value=""/>
    <property name="java.vendor.url" value="https://java.oracle.com/"/>
    <property name="user.timezone" value="Europe/Astrakhan"/>
    <property name="user.country.format" value="US"/>
    <property name="os.name" value="Windows 10"/>
    <property name="java.vm.specification.version" value="17"/>
    <property name="user.country" value="RU"/>
    <property name="sun.java.launcher" value="SUN_STANDARD"/>
    <property name="sun.boot.library.path" value="C:\Program Files\Java\jdk-17\bin"/>
    <property name="sun.java.command" value="C:\Users\Victor\AppData\Local\Temp\surefire7191041903493928907\surefirebooter-20240627120553977_3.jar C:\Users\Victor\AppData\Local\Temp\surefire7191041903493928907 2024-06-27T12-05-53_630-jvmRun1 surefire-20240627120553977_1tmp surefire_0-20240627120553977_2tmp"/>
    <property name="jdk.debug" value="release"/>
    <property name="surefire.test.class.path" value="C:\Users\Victor\Documents\NetBeansProjects\testing\target\test-classes;C:\Users\Victor\Documents\NetBeansProjects\testing\target\classes;C:\Users\Victor\.m2\repository\com\fitbur\testify\junit\unit-test\0.1.3\unit-test-0.1.3.jar;C:\Users\Victor\.m2\repository\com\fitbur\testify\junit\junit-core\0.1.3\junit-core-0.1.3.jar;C:\Users\Victor\.m2\repository\com\fitbur\testify\core\0.1.3\core-0.1.3.jar;C:\Users\Victor\.m2\repository\com\fitbur\testify\api\0.1.3\api-0.1.3.jar;C:\Users\Victor\.m2\repository\javax\inject\javax.inject\1\javax.inject-1.jar;C:\Users\Victor\.m2\repository\javax\servlet\javax.servlet-api\3.1.0\javax.servlet-api-3.1.0.jar;C:\Users\Victor\.m2\repository\com\fitbur\external\external-asm\0.5.6\external-asm-0.5.6.jar;C:\Users\Victor\.m2\repository\com\fitbur\external\external-guava\0.5.6\external-guava-0.5.6.jar;C:\Users\Victor\.m2\repository\org\slf4j\slf4j-ext\1.7.12\slf4j-ext-1.7.12.jar;C:\Users\Victor\.m2\repository\ch\qos\cal10n\cal10n-api\0.8.1\cal10n-api-0.8.1.jar;C:\Users\Victor\.m2\repository\org\slf4j\jcl-over-slf4j\1.7.12\jcl-over-slf4j-1.7.12.jar;C:\Users\Victor\.m2\repository\org\slf4j\log4j-over-slf4j\1.7.12\log4j-over-slf4j-1.7.12.jar;C:\Users\Victor\.m2\repository\org\slf4j\jul-to-slf4j\1.7.12\jul-to-slf4j-1.7.12.jar;C:\Users\Victor\.m2\repository\ch\qos\logback\logback-classic\1.1.3\logback-classic-1.1.3.jar;C:\Users\Victor\.m2\repository\ch\qos\logback\logback-core\1.1.3\logback-core-1.1.3.jar;C:\Users\Victor\.m2\repository\org\fusesource\jansi\jansi\1.11\jansi-1.11.jar;C:\Users\Victor\.m2\repository\com\fitbur\testify\level\unit\0.1.3\unit-0.1.3.jar;C:\Users\Victor\.m2\repository\org\junit\jupiter\junit-jupiter-engine\5.10.0\junit-jupiter-engine-5.10.0.jar;C:\Users\Victor\.m2\repository\org\junit\platform\junit-platform-engine\1.10.0\junit-platform-engine-1.10.0.jar;C:\Users\Victor\.m2\repository\org\opentest4j\opentest4j\1.3.0\opentest4j-1.3.0.jar;C:\Users\Victor\.m2\repository\org\junit\platform\junit-platform-commons\1.10.0\junit-platform-commons-1.10.0.jar;C:\Users\Victor\.m2\repository\org\junit\jupiter\junit-jupiter-api\5.10.0\junit-jupiter-api-5.10.0.jar;C:\Users\Victor\.m2\repository\org\apiguardian\apiguardian-api\1.1.2\apiguardian-api-1.1.2.jar;C:\Users\Victor\.m2\repository\org\junit\jupiter\junit-jupiter-params\5.10.0\junit-jupiter-params-5.10.0.jar;C:\Users\Victor\.m2\repository\org\assertj\assertj-core\3.3.0\assertj-core-3.3.0.jar;C:\Users\Victor\.m2\repository\org\mockito\mockito-junit-jupiter\5.12.0\mockito-junit-jupiter-5.12.0.jar;C:\Users\Victor\.m2\repository\org\mockito\mockito-core\3.12.2\mockito-core-3.12.2.jar;C:\Users\Victor\.m2\repository\net\bytebuddy\byte-buddy\1.11.13\byte-buddy-1.11.13.jar;C:\Users\Victor\.m2\repository\net\bytebuddy\byte-buddy-agent\1.11.13\byte-buddy-agent-1.11.13.jar;C:\Users\Victor\.m2\repository\org\objenesis\objenesis\3.2\objenesis-3.2.jar;C:\Users\Victor\.m2\repository\org\slf4j\slf4j-api\2.0.13\slf4j-api-2.0.13.jar;C:\Users\Victor\.m2\repository\org\slf4j\slf4j-simple\2.0.13\slf4j-simple-2.0.13.jar;"/>
    <property name="sun.cpu.endian" value="little"/>
    <property name="user.home" value="C:\Users\Victor"/>
    <property name="user.language" value="ru"/>
    <property name="java.specification.vendor" value="Oracle Corporation"/>
    <property name="java.version.date" value="2023-10-17"/>
    <property name="java.home" value="C:\Program Files\Java\jdk-17"/>
    <property name="file.separator" value="\"/>
    <property name="basedir" value="C:\Users\Victor\Documents\NetBeansProjects\testing"/>
    <property name="java.vm.compressedOopsMode" value="Zero based"/>
    <property name="line.separator" value="&#10;"/>
    <property name="java.vm.specification.vendor" value="Oracle Corporation"/>
    <property name="java.specification.name" value="Java Platform API Specification"/>
    <property name="surefire.real.class.path" value="C:\Users\Victor\AppData\Local\Temp\surefire7191041903493928907\surefirebooter-20240627120553977_3.jar"/>
    <property name="user.script" value=""/>
    <property name="sun.management.compiler" value="HotSpot 64-Bit Tiered Compilers"/>
    <property name="java.runtime.version" value="17.0.9+11-LTS-201"/>
    <property name="user.name" value="Victor"/>
    <property name="path.separator" value=";"/>
    <property name="os.version" value="10.0"/>
    <property name="java.runtime.name" value="Java(TM) SE Runtime Environment"/>
    <property name="file.encoding" value="UTF-8"/>
    <property name="java.vm.name" value="Java HotSpot(TM) 64-Bit Server VM"/>
    <property name="maven.ext.class.path" value="C:\Program Files\NetBeans-20\netbeans\java\maven-nblib\netbeans-eventspy.jar"/>
    <property name="localRepository" value="C:\Users\Victor\.m2\repository"/>
    <property name="java.vendor.url.bug" value="https://bugreport.java.com/bugreport/"/>
    <property name="java.io.tmpdir" value="C:\Users\Victor\AppData\Local\Temp\"/>
    <property name="java.version" value="17.0.9"/>
    <property name="user.dir" value="C:\Users\Victor\Documents\NetBeansProjects\testing"/>
    <property name="os.arch" value="amd64"/>
    <property name="java.vm.specification.name" value="Java Virtual Machine Specification"/>
    <property name="user.language.format" value="en"/>
    <property name="sun.os.patch.level" value=""/>
    <property name="native.encoding" value="Cp1251"/>
    <property name="java.library.path" value="C:\Program Files\Java\jdk-17\bin;C:\Windows\Sun\Java\bin;C:\Windows\system32;C:\Windows;C:\Program Files\Common Files\Oracle\Java\javapath;C:\Program Files (x86)\Common Files\Oracle\Java\javapath;C:\Windows\system32;C:\Windows;C:\Windows\System32\Wbem;C:\Windows\System32\WindowsPowerShell\v1.0\;C:\Windows\System32\OpenSSH\;C:\Program Files\Git\cmd;C:\Program Files (x86)\dotnet\;C:\Program Files\nodejs\;C:\platform-tools;C:\Program Files\PuTTY\;C:\Program Files\PostgreSQL\13\bin;C:\Users\Victor\AppData\Local\Microsoft\WindowsApps;C:\Users\Victor\AppData\Local\Programs\Microsoft VS Code\bin;C:\Users\Victor\AppData\Roaming\npm;C:\maven\bin;C:\Program Files\JetBrains\GoLand 2023.1.3\bin;;C:\Users\Victor\.jdks\corretto-1.8.0_402\bin;."/>
    <property name="java.vm.info" value="mixed mode, sharing"/>
    <property name="java.vendor" value="Oracle Corporation"/>
    <property name="java.vm.version" value="17.0.9+11-LTS-201"/>
    <property name="sun.io.unicode.encoding" value="UnicodeLittle"/>
    <property name="java.class.version" value="61.0"/>
  </properties>
  <testcase name="doAnswerToUpperTest" classname="com.mycompany.javarush.testing.DoAnswerTest" time="0.14">
    <system-out><![CDATA[hello
]]></system-out>
  </testcase>
</testsuite>